Removed world/datapacks/multiplayer sleep v1.0.2/pack.png: not used
Removed world/DIM-1/data/raids.dat: not used
Removed world/DIM-1/poi/r.-1.-1.mca: not used
Removed world/DIM-1/poi/r.-1.0.mca: 0 size
Removed world/DIM-1/poi/r.0.-1.mca: not used
Removed world/DIM-1/poi/r.0.0.mca: 0 size
Removed world/gc-logs/gc-20200722_1915.log: not used
Removed world/gc-logs/gc-20200722_2022.log: not used
Removed world/gc-logs/gc-20200723_0541.log: not used
Removed world/playerdata/01d11679-81e9-4d0f-ba82-2ae997ca2a2e.dat_old: not used
Removed world/playerdata/acce030d-50cc-4b2d-b48a-b3dfb9668078.dat_old: not used
Removed world/playerdata/d58a137b-fbed-4f48-8b3f-178d25accee0.dat_old: not used
Removed world/playerdata/df41964f-9c54-40fc-a5f5-d65f83d5dca5.dat_old: not used
Removed world/poi/r.-1.0.mca: 0 size
Removed world/poi/r.-2.-2.mca: 0 size
Removed world/poi/r.0.-2.mca: 0 size
Removed world/poi/r.0.0.mca: 0 size
Removed world/poi/r.1.-2.mca: 0 size
Removed world/poi/r.1.0.mca: 0 size
Validated 90 files, 71 accepted, 19 rejected.
